This is pdfTeX, Version 3.14159265-2.6-1.40.20 (TeX Live 2019/Debian) (preloaded format=pdflatex 2020.12.21)  30 JAN 2022 18:09
entering extended mode
 restricted \write18 enabled.
 %&-line parsing enabled.
**GGR424_C4.tex
(./GGR424_C4.tex
LaTeX2e <2020-02-02> patch level 2
L3 programming layer <2020-02-14>
(/usr/share/texlive/texmf-dist/tex/latex/beamer/beamer.cls
Document Class: beamer 2019/09/29 v3.57 A class for typesetting presentations
(/usr/share/texlive/texmf-dist/tex/latex/beamer/beamerbasemodes.sty
(/usr/share/texlive/texmf-dist/tex/latex/etoolbox/etoolbox.sty
Package: etoolbox 2019/09/21 v2.5h e-TeX tools for LaTeX (JAW)
\etb@tempcnta=\count167
)
\beamer@tempbox=\box45
\beamer@tempcount=\count168
\c@beamerpauses=\count169

(/usr/share/texlive/texmf-dist/tex/latex/beamer/beamerbasedecode.sty
\beamer@slideinframe=\count170
\beamer@minimum=\count171
\beamer@decode@box=\box46
)
\beamer@commentbox=\box47
\beamer@modecount=\count172
)
(/usr/share/texlive/texmf-dist/tex/generic/iftex/ifpdf.sty
Package: ifpdf 2019/10/25 v3.4 ifpdf legacy package. Use iftex instead.

(/usr/share/texlive/texmf-dist/tex/generic/iftex/iftex.sty
Package: iftex 2019/11/07 v1.0c TeX engine tests
))
\headdp=\dimen134
\footheight=\dimen135
\sidebarheight=\dimen136
\beamer@tempdim=\dimen137
\beamer@finalheight=\dimen138
\beamer@animht=\dimen139
\beamer@animdp=\dimen140
\beamer@animwd=\dimen141
\beamer@leftmargin=\dimen142
\beamer@rightmargin=\dimen143
\beamer@leftsidebar=\dimen144
\beamer@rightsidebar=\dimen145
\beamer@boxsize=\dimen146
\beamer@vboxoffset=\dimen147
\beamer@descdefault=\dimen148
\beamer@descriptionwidth=\dimen149
\beamer@lastskip=\skip47
\beamer@areabox=\box48
\beamer@animcurrent=\box49
\beamer@animshowbox=\box50
\beamer@sectionbox=\box51
\beamer@logobox=\box52
\beamer@linebox=\box53
\beamer@sectioncount=\count173
\beamer@subsubsectionmax=\count174
\beamer@subsectionmax=\count175
\beamer@sectionmax=\count176
\beamer@totalheads=\count177
\beamer@headcounter=\count178
\beamer@partstartpage=\count179
\beamer@sectionstartpage=\count180
\beamer@subsectionstartpage=\count181
\beamer@animationtempa=\count182
\beamer@animationtempb=\count183
\beamer@xpos=\count184
\beamer@ypos=\count185
\beamer@ypos@offset=\count186
\beamer@showpartnumber=\count187
\beamer@currentsubsection=\count188
\beamer@coveringdepth=\count189
\beamer@sectionadjust=\count190
\beamer@tocsectionnumber=\count191

(/usr/share/texlive/texmf-dist/tex/latex/beamer/beamerbaseoptions.sty
(/usr/share/texlive/texmf-dist/tex/latex/graphics/keyval.sty
Package: keyval 2014/10/28 v1.15 key=value parser (DPC)
\KV@toks@=\toks14
))
\beamer@paperwidth=\skip48
\beamer@paperheight=\skip49

(/usr/share/texlive/texmf-dist/tex/latex/geometry/geometry.sty
Package: geometry 2020/01/02 v5.9 Page Geometry

(/usr/share/texlive/texmf-dist/tex/generic/iftex/ifvtex.sty
Package: ifvtex 2019/10/25 v1.7 ifvtex legacy package. Use iftex instead.
)
\Gm@cnth=\count192
\Gm@cntv=\count193
\c@Gm@tempcnt=\count194
\Gm@bindingoffset=\dimen150
\Gm@wd@mp=\dimen151
\Gm@odd@mp=\dimen152
\Gm@even@mp=\dimen153
\Gm@layoutwidth=\dimen154
\Gm@layoutheight=\dimen155
\Gm@layouthoffset=\dimen156
\Gm@layoutvoffset=\dimen157
\Gm@dimlist=\toks15
)
(/usr/share/texlive/texmf-dist/tex/latex/base/size11.clo
File: size11.clo 2019/12/20 v1.4l Standard LaTeX file (size option)
)
(/usr/share/texlive/texmf-dist/tex/latex/pgf/basiclayer/pgfcore.sty
(/usr/share/texlive/texmf-dist/tex/latex/graphics/graphicx.sty
Package: graphicx 2019/11/30 v1.2a Enhanced LaTeX Graphics (DPC,SPQR)

(/usr/share/texlive/texmf-dist/tex/latex/graphics/graphics.sty
Package: graphics 2019/11/30 v1.4a Standard LaTeX Graphics (DPC,SPQR)

(/usr/share/texlive/texmf-dist/tex/latex/graphics/trig.sty
Package: trig 2016/01/03 v1.10 sin cos tan (DPC)
)
(/usr/share/texlive/texmf-dist/tex/latex/graphics-cfg/graphics.cfg
File: graphics.cfg 2016/06/04 v1.11 sample graphics configuration
)
Package graphics Info: Driver file: pdftex.def on input line 105.

(/usr/share/texlive/texmf-dist/tex/latex/graphics-def/pdftex.def
File: pdftex.def 2018/01/08 v1.0l Graphics/color driver for pdftex
))
\Gin@req@height=\dimen158
\Gin@req@width=\dimen159
)
(/usr/share/texlive/texmf-dist/tex/latex/pgf/systemlayer/pgfsys.sty
(/usr/share/texlive/texmf-dist/tex/latex/pgf/utilities/pgfrcs.sty
(/usr/share/texlive/texmf-dist/tex/generic/pgf/utilities/pgfutil-common.tex
\pgfutil@everybye=\toks16
\pgfutil@tempdima=\dimen160
\pgfutil@tempdimb=\dimen161

(/usr/share/texlive/texmf-dist/tex/generic/pgf/utilities/pgfutil-common-lists.t
ex)) (/usr/share/texlive/texmf-dist/tex/generic/pgf/utilities/pgfutil-latex.def
\pgfutil@abb=\box54
(/usr/share/texlive/texmf-dist/tex/latex/ms/everyshi.sty
Package: everyshi 2001/05/15 v3.00 EveryShipout Package (MS)
))
(/usr/share/texlive/texmf-dist/tex/generic/pgf/utilities/pgfrcs.code.tex
(/usr/share/texlive/texmf-dist/tex/generic/pgf/pgf.revision.tex)
Package: pgfrcs 2020/01/08 v3.1.5b (3.1.5b)
))
(/usr/share/texlive/texmf-dist/tex/generic/pgf/systemlayer/pgfsys.code.tex
Package: pgfsys 2020/01/08 v3.1.5b (3.1.5b)

(/usr/share/texlive/texmf-dist/tex/generic/pgf/utilities/pgfkeys.code.tex
\pgfkeys@pathtoks=\toks17
\pgfkeys@temptoks=\toks18

(/usr/share/texlive/texmf-dist/tex/generic/pgf/utilities/pgfkeysfiltered.code.t
ex
\pgfkeys@tmptoks=\toks19
))
\pgf@x=\dimen162
\pgf@y=\dimen163
\pgf@xa=\dimen164
\pgf@ya=\dimen165
\pgf@xb=\dimen166
\pgf@yb=\dimen167
\pgf@xc=\dimen168
\pgf@yc=\dimen169
\pgf@xd=\dimen170
\pgf@yd=\dimen171
\w@pgf@writea=\write3
\r@pgf@reada=\read2
\c@pgf@counta=\count195
\c@pgf@countb=\count196
\c@pgf@countc=\count197
\c@pgf@countd=\count198
\t@pgf@toka=\toks20
\t@pgf@tokb=\toks21
\t@pgf@tokc=\toks22
\pgf@sys@id@count=\count199
 (/usr/share/texlive/texmf-dist/tex/generic/pgf/systemlayer/pgf.cfg
File: pgf.cfg 2020/01/08 v3.1.5b (3.1.5b)
)
Driver file for pgf: pgfsys-pdftex.def

(/usr/share/texlive/texmf-dist/tex/generic/pgf/systemlayer/pgfsys-pdftex.def
File: pgfsys-pdftex.def 2020/01/08 v3.1.5b (3.1.5b)

(/usr/share/texlive/texmf-dist/tex/generic/pgf/systemlayer/pgfsys-common-pdf.de
f
File: pgfsys-common-pdf.def 2020/01/08 v3.1.5b (3.1.5b)
)))
(/usr/share/texlive/texmf-dist/tex/generic/pgf/systemlayer/pgfsyssoftpath.code.
tex
File: pgfsyssoftpath.code.tex 2020/01/08 v3.1.5b (3.1.5b)
\pgfsyssoftpath@smallbuffer@items=\count266
\pgfsyssoftpath@bigbuffer@items=\count267
)
(/usr/share/texlive/texmf-dist/tex/generic/pgf/systemlayer/pgfsysprotocol.code.
tex
File: pgfsysprotocol.code.tex 2020/01/08 v3.1.5b (3.1.5b)
)) (/usr/share/texlive/texmf-dist/tex/latex/xcolor/xcolor.sty
Package: xcolor 2016/05/11 v2.12 LaTeX color extensions (UK)

(/usr/share/texlive/texmf-dist/tex/latex/graphics-cfg/color.cfg
File: color.cfg 2016/01/02 v1.6 sample color configuration
)
Package xcolor Info: Driver file: pdftex.def on input line 225.
Package xcolor Info: Model `cmy' substituted by `cmy0' on input line 1348.
Package xcolor Info: Model `hsb' substituted by `rgb' on input line 1352.
Package xcolor Info: Model `RGB' extended on input line 1364.
Package xcolor Info: Model `HTML' substituted by `rgb' on input line 1366.
Package xcolor Info: Model `Hsb' substituted by `hsb' on input line 1367.
Package xcolor Info: Model `tHsb' substituted by `hsb' on input line 1368.
Package xcolor Info: Model `HSB' substituted by `hsb' on input line 1369.
Package xcolor Info: Model `Gray' substituted by `gray' on input line 1370.
Package xcolor Info: Model `wave' substituted by `hsb' on input line 1371.
)
(/usr/share/texlive/texmf-dist/tex/generic/pgf/basiclayer/pgfcore.code.tex
Package: pgfcore 2020/01/08 v3.1.5b (3.1.5b)

(/usr/share/texlive/texmf-dist/tex/generic/pgf/math/pgfmath.code.tex
(/usr/share/texlive/texmf-dist/tex/generic/pgf/math/pgfmathcalc.code.tex
(/usr/share/texlive/texmf-dist/tex/generic/pgf/math/pgfmathutil.code.tex)
(/usr/share/texlive/texmf-dist/tex/generic/pgf/math/pgfmathparser.code.tex
\pgfmath@dimen=\dimen172
\pgfmath@count=\count268
\pgfmath@box=\box55
\pgfmath@toks=\toks23
\pgfmath@stack@operand=\toks24
\pgfmath@stack@operation=\toks25
)
(/usr/share/texlive/texmf-dist/tex/generic/pgf/math/pgfmathfunctions.code.tex
(/usr/share/texlive/texmf-dist/tex/generic/pgf/math/pgfmathfunctions.basic.code
.tex)
(/usr/share/texlive/texmf-dist/tex/generic/pgf/math/pgfmathfunctions.trigonomet
ric.code.tex)
(/usr/share/texlive/texmf-dist/tex/generic/pgf/math/pgfmathfunctions.random.cod
e.tex)
(/usr/share/texlive/texmf-dist/tex/generic/pgf/math/pgfmathfunctions.comparison
.code.tex)
(/usr/share/texlive/texmf-dist/tex/generic/pgf/math/pgfmathfunctions.base.code.
tex)
(/usr/share/texlive/texmf-dist/tex/generic/pgf/math/pgfmathfunctions.round.code
.tex)
(/usr/share/texlive/texmf-dist/tex/generic/pgf/math/pgfmathfunctions.misc.code.
tex)
(/usr/share/texlive/texmf-dist/tex/generic/pgf/math/pgfmathfunctions.integerari
thmetics.code.tex)))
(/usr/share/texlive/texmf-dist/tex/generic/pgf/math/pgfmathfloat.code.tex
\c@pgfmathroundto@lastzeros=\count269
))
(/usr/share/texlive/texmf-dist/tex/generic/pgf/math/pgfint.code.tex)
(/usr/share/texlive/texmf-dist/tex/generic/pgf/basiclayer/pgfcorepoints.code.te
x
File: pgfcorepoints.code.tex 2020/01/08 v3.1.5b (3.1.5b)
\pgf@picminx=\dimen173
\pgf@picmaxx=\dimen174
\pgf@picminy=\dimen175
\pgf@picmaxy=\dimen176
\pgf@pathminx=\dimen177
\pgf@pathmaxx=\dimen178
\pgf@pathminy=\dimen179
\pgf@pathmaxy=\dimen180
\pgf@xx=\dimen181
\pgf@xy=\dimen182
\pgf@yx=\dimen183
\pgf@yy=\dimen184
\pgf@zx=\dimen185
\pgf@zy=\dimen186
)
(/usr/share/texlive/texmf-dist/tex/generic/pgf/basiclayer/pgfcorepathconstruct.
code.tex
File: pgfcorepathconstruct.code.tex 2020/01/08 v3.1.5b (3.1.5b)
\pgf@path@lastx=\dimen187
\pgf@path@lasty=\dimen188
)
(/usr/share/texlive/texmf-dist/tex/generic/pgf/basiclayer/pgfcorepathusage.code
.tex
File: pgfcorepathusage.code.tex 2020/01/08 v3.1.5b (3.1.5b)
\pgf@shorten@end@additional=\dimen189
\pgf@shorten@start@additional=\dimen190
)
(/usr/share/texlive/texmf-dist/tex/generic/pgf/basiclayer/pgfcorescopes.code.te
x
File: pgfcorescopes.code.tex 2020/01/08 v3.1.5b (3.1.5b)
\pgfpic=\box56
\pgf@hbox=\box57
\pgf@layerbox@main=\box58
\pgf@picture@serial@count=\count270
)
(/usr/share/texlive/texmf-dist/tex/generic/pgf/basiclayer/pgfcoregraphicstate.c
ode.tex
File: pgfcoregraphicstate.code.tex 2020/01/08 v3.1.5b (3.1.5b)
\pgflinewidth=\dimen191
)
(/usr/share/texlive/texmf-dist/tex/generic/pgf/basiclayer/pgfcoretransformation
s.code.tex
File: pgfcoretransformations.code.tex 2020/01/08 v3.1.5b (3.1.5b)
\pgf@pt@x=\dimen192
\pgf@pt@y=\dimen193
\pgf@pt@temp=\dimen194
)
(/usr/share/texlive/texmf-dist/tex/generic/pgf/basiclayer/pgfcorequick.code.tex
File: pgfcorequick.code.tex 2020/01/08 v3.1.5b (3.1.5b)
)
(/usr/share/texlive/texmf-dist/tex/generic/pgf/basiclayer/pgfcoreobjects.code.t
ex
File: pgfcoreobjects.code.tex 2020/01/08 v3.1.5b (3.1.5b)
)
(/usr/share/texlive/texmf-dist/tex/generic/pgf/basiclayer/pgfcorepathprocessing
.code.tex
File: pgfcorepathprocessing.code.tex 2020/01/08 v3.1.5b (3.1.5b)
)
(/usr/share/texlive/texmf-dist/tex/generic/pgf/basiclayer/pgfcorearrows.code.te
x
File: pgfcorearrows.code.tex 2020/01/08 v3.1.5b (3.1.5b)
\pgfarrowsep=\dimen195
)
(/usr/share/texlive/texmf-dist/tex/generic/pgf/basiclayer/pgfcoreshade.code.tex
File: pgfcoreshade.code.tex 2020/01/08 v3.1.5b (3.1.5b)
\pgf@max=\dimen196
\pgf@sys@shading@range@num=\count271
\pgf@shadingcount=\count272
)
(/usr/share/texlive/texmf-dist/tex/generic/pgf/basiclayer/pgfcoreimage.code.tex
File: pgfcoreimage.code.tex 2020/01/08 v3.1.5b (3.1.5b)

(/usr/share/texlive/texmf-dist/tex/generic/pgf/basiclayer/pgfcoreexternal.code.
tex
File: pgfcoreexternal.code.tex 2020/01/08 v3.1.5b (3.1.5b)
\pgfexternal@startupbox=\box59
))
(/usr/share/texlive/texmf-dist/tex/generic/pgf/basiclayer/pgfcorelayers.code.te
x
File: pgfcorelayers.code.tex 2020/01/08 v3.1.5b (3.1.5b)
)
(/usr/share/texlive/texmf-dist/tex/generic/pgf/basiclayer/pgfcoretransparency.c
ode.tex
File: pgfcoretransparency.code.tex 2020/01/08 v3.1.5b (3.1.5b)
)
(/usr/share/texlive/texmf-dist/tex/generic/pgf/basiclayer/pgfcorepatterns.code.
tex
File: pgfcorepatterns.code.tex 2020/01/08 v3.1.5b (3.1.5b)
)
(/usr/share/texlive/texmf-dist/tex/generic/pgf/basiclayer/pgfcorerdf.code.tex
File: pgfcorerdf.code.tex 2020/01/08 v3.1.5b (3.1.5b)
))) (/usr/share/texlive/texmf-dist/tex/latex/pgf/utilities/xxcolor.sty
Package: xxcolor 2003/10/24 ver 0.1
\XC@nummixins=\count273
\XC@countmixins=\count274
)
(/usr/share/texlive/texmf-dist/tex/generic/atbegshi/atbegshi.sty
Package: atbegshi 2019/12/05 v1.19 At begin shipout hook (HO)

(/usr/share/texlive/texmf-dist/tex/generic/infwarerr/infwarerr.sty
Package: infwarerr 2019/12/03 v1.5 Providing info/warning/error messages (HO)
)
(/usr/share/texlive/texmf-dist/tex/generic/ltxcmds/ltxcmds.sty
Package: ltxcmds 2019/12/15 v1.24 LaTeX kernel commands for general use (HO)
))
(/usr/share/texlive/texmf-dist/tex/latex/hyperref/hyperref.sty
Package: hyperref 2020/01/14 v7.00d Hypertext links for LaTeX

(/usr/share/texlive/texmf-dist/tex/latex/pdftexcmds/pdftexcmds.sty
Package: pdftexcmds 2019/11/24 v0.31 Utility functions of pdfTeX for LuaTeX (HO
)
Package pdftexcmds Info: \pdf@primitive is available.
Package pdftexcmds Info: \pdf@ifprimitive is available.
Package pdftexcmds Info: \pdfdraftmode found.
)
(/usr/share/texlive/texmf-dist/tex/generic/kvsetkeys/kvsetkeys.sty
Package: kvsetkeys 2019/12/15 v1.18 Key value parser (HO)
)
(/usr/share/texlive/texmf-dist/tex/generic/kvdefinekeys/kvdefinekeys.sty
Package: kvdefinekeys 2019-12-19 v1.6 Define keys (HO)
)
(/usr/share/texlive/texmf-dist/tex/generic/pdfescape/pdfescape.sty
Package: pdfescape 2019/12/09 v1.15 Implements pdfTeX's escape features (HO)
)
(/usr/share/texlive/texmf-dist/tex/latex/hycolor/hycolor.sty
Package: hycolor 2020-01-27 v1.10 Color options for hyperref/bookmark (HO)
)
(/usr/share/texlive/texmf-dist/tex/latex/letltxmacro/letltxmacro.sty
Package: letltxmacro 2019/12/03 v1.6 Let assignment for LaTeX macros (HO)
)
(/usr/share/texlive/texmf-dist/tex/latex/auxhook/auxhook.sty
Package: auxhook 2019-12-17 v1.6 Hooks for auxiliary files (HO)
)
(/usr/share/texlive/texmf-dist/tex/latex/kvoptions/kvoptions.sty
Package: kvoptions 2019/11/29 v3.13 Key value format for package options (HO)
)
\@linkdim=\dimen197
\Hy@linkcounter=\count275
\Hy@pagecounter=\count276

(/usr/share/texlive/texmf-dist/tex/latex/hyperref/pd1enc.def
File: pd1enc.def 2020/01/14 v7.00d Hyperref: PDFDocEncoding definition (HO)
Now handling font encoding PD1 ...
... no UTF-8 mapping file for font encoding PD1
)
(/usr/share/texlive/texmf-dist/tex/generic/intcalc/intcalc.sty
Package: intcalc 2019/12/15 v1.3 Expandable calculations with integers (HO)
)
(/usr/share/texlive/texmf-dist/tex/generic/etexcmds/etexcmds.sty
Package: etexcmds 2019/12/15 v1.7 Avoid name clashes with e-TeX commands (HO)
)
\Hy@SavedSpaceFactor=\count277
\pdfmajorversion=\count278
Package hyperref Info: Option `bookmarks' set `true' on input line 4421.
Package hyperref Info: Option `bookmarksopen' set `true' on input line 4421.
Package hyperref Info: Option `implicit' set `false' on input line 4421.
Package hyperref Info: Hyper figures OFF on input line 4547.
Package hyperref Info: Link nesting OFF on input line 4552.
Package hyperref Info: Hyper index ON on input line 4555.
Package hyperref Info: Plain pages OFF on input line 4562.
Package hyperref Info: Backreferencing OFF on input line 4567.
Package hyperref Info: Implicit mode OFF; no redefinition of LaTeX internals.
Package hyperref Info: Bookmarks ON on input line 4800.
\c@Hy@tempcnt=\count279

(/usr/share/texlive/texmf-dist/tex/latex/url/url.sty
\Urlmuskip=\muskip16
Package: url 2013/09/16  ver 3.4  Verb mode for urls, etc.
)
LaTeX Info: Redefining \url on input line 5159.
\XeTeXLinkMargin=\dimen198

(/usr/share/texlive/texmf-dist/tex/generic/bitset/bitset.sty
Package: bitset 2019/12/09 v1.3 Handle bit-vector datatype (HO)

(/usr/share/texlive/texmf-dist/tex/generic/bigintcalc/bigintcalc.sty
Package: bigintcalc 2019/12/15 v1.5 Expandable calculations on big integers (HO
)
))
\Fld@menulength=\count280
\Field@Width=\dimen199
\Fld@charsize=\dimen256
Package hyperref Info: Hyper figures OFF on input line 6430.
Package hyperref Info: Link nesting OFF on input line 6435.
Package hyperref Info: Hyper index ON on input line 6438.
Package hyperref Info: backreferencing OFF on input line 6445.
Package hyperref Info: Link coloring OFF on input line 6450.
Package hyperref Info: Link coloring with OCG OFF on input line 6455.
Package hyperref Info: PDF/A mode OFF on input line 6460.
LaTeX Info: Redefining \ref on input line 6500.
LaTeX Info: Redefining \pageref on input line 6504.
\Hy@abspage=\count281


Package hyperref Message: Stopped early.

)
Package hyperref Info: Driver (autodetected): hpdftex.
 (/usr/share/texlive/texmf-dist/tex/latex/hyperref/hpdftex.def
File: hpdftex.def 2020/01/14 v7.00d Hyperref driver for pdfTeX

(/usr/share/texlive/texmf-dist/tex/latex/atveryend/atveryend.sty
Package: atveryend 2019-12-11 v1.11 Hooks at the very end of document (HO)
)
\Fld@listcount=\count282
\c@bookmark@seq@number=\count283

(/usr/share/texlive/texmf-dist/tex/latex/rerunfilecheck/rerunfilecheck.sty
Package: rerunfilecheck 2019/12/05 v1.9 Rerun checks for auxiliary files (HO)

(/usr/share/texlive/texmf-dist/tex/generic/uniquecounter/uniquecounter.sty
Package: uniquecounter 2019/12/15 v1.4 Provide unlimited unique counter (HO)
)
Package uniquecounter Info: New unique counter `rerunfilecheck' on input line 2
86.
))
(/usr/share/texlive/texmf-dist/tex/latex/beamer/beamerbaserequires.sty
(/usr/share/texlive/texmf-dist/tex/latex/beamer/beamerbasecompatibility.sty)
(/usr/share/texlive/texmf-dist/tex/latex/beamer/beamerbasefont.sty
(/usr/share/texlive/texmf-dist/tex/latex/amsfonts/amssymb.sty
Package: amssymb 2013/01/14 v3.01 AMS font symbols

(/usr/share/texlive/texmf-dist/tex/latex/amsfonts/amsfonts.sty
Package: amsfonts 2013/01/14 v3.01 Basic AMSFonts support
\@emptytoks=\toks26
\symAMSa=\mathgroup4
\symAMSb=\mathgroup5
LaTeX Font Info:    Redeclaring math symbol \hbar on input line 98.
LaTeX Font Info:    Overwriting math alphabet `\mathfrak' in version `bold'
(Font)                  U/euf/m/n --> U/euf/b/n on input line 106.
)))
(/usr/share/texlive/texmf-dist/tex/latex/beamer/beamerbasetranslator.sty
(/usr/share/texlive/texmf-dist/tex/latex/translator/translator.sty
Package: translator 2019-05-31 v1.12a Easy translation of strings in LaTeX
))
(/usr/share/texlive/texmf-dist/tex/latex/beamer/beamerbasemisc.sty)
(/usr/share/texlive/texmf-dist/tex/latex/beamer/beamerbasetwoscreens.sty)
(/usr/share/texlive/texmf-dist/tex/latex/beamer/beamerbaseoverlay.sty
\beamer@argscount=\count284
\beamer@lastskipcover=\skip50
\beamer@trivlistdepth=\count285
)
(/usr/share/texlive/texmf-dist/tex/latex/beamer/beamerbasetitle.sty)
(/usr/share/texlive/texmf-dist/tex/latex/beamer/beamerbasesection.sty
\c@lecture=\count286
\c@part=\count287
\c@section=\count288
\c@subsection=\count289
\c@subsubsection=\count290
)
(/usr/share/texlive/texmf-dist/tex/latex/beamer/beamerbaseframe.sty
\beamer@framebox=\box60
\beamer@frametitlebox=\box61
\beamer@zoombox=\box62
\beamer@zoomcount=\count291
\beamer@zoomframecount=\count292
\beamer@frametextheight=\dimen257
\c@subsectionslide=\count293
\beamer@frametopskip=\skip51
\beamer@framebottomskip=\skip52
\beamer@frametopskipautobreak=\skip53
\beamer@framebottomskipautobreak=\skip54
\beamer@envbody=\toks27
\framewidth=\dimen258
\c@framenumber=\count294
)
(/usr/share/texlive/texmf-dist/tex/latex/beamer/beamerbaseverbatim.sty
\beamer@verbatimfileout=\write4
)
(/usr/share/texlive/texmf-dist/tex/latex/beamer/beamerbaseframesize.sty
\beamer@splitbox=\box63
\beamer@autobreakcount=\count295
\beamer@autobreaklastheight=\dimen259
\beamer@frametitletoks=\toks28
\beamer@framesubtitletoks=\toks29
)
(/usr/share/texlive/texmf-dist/tex/latex/beamer/beamerbaseframecomponents.sty
\beamer@footins=\box64
)
(/usr/share/texlive/texmf-dist/tex/latex/beamer/beamerbasecolor.sty)
(/usr/share/texlive/texmf-dist/tex/latex/beamer/beamerbasenotes.sty
\beamer@frameboxcopy=\box65
)
(/usr/share/texlive/texmf-dist/tex/latex/beamer/beamerbasetoc.sty)
(/usr/share/texlive/texmf-dist/tex/latex/beamer/beamerbasetemplates.sty
\beamer@sbttoks=\toks30

(/usr/share/texlive/texmf-dist/tex/latex/beamer/beamerbaseauxtemplates.sty
(/usr/share/texlive/texmf-dist/tex/latex/beamer/beamerbaseboxes.sty
\bmb@box=\box66
\bmb@colorbox=\box67
\bmb@boxshadow=\box68
\bmb@boxshadowball=\box69
\bmb@boxshadowballlarge=\box70
\bmb@temp=\dimen260
\bmb@dima=\dimen261
\bmb@dimb=\dimen262
\bmb@prevheight=\dimen263
)
\beamer@blockheadheight=\dimen264
))
(/usr/share/texlive/texmf-dist/tex/latex/beamer/beamerbaselocalstructure.sty
(/usr/share/texlive/texmf-dist/tex/latex/tools/enumerate.sty
Package: enumerate 2015/07/23 v3.00 enumerate extensions (DPC)
\@enLab=\toks31
)
\c@figure=\count296
\c@table=\count297
\abovecaptionskip=\skip55
\belowcaptionskip=\skip56
)
(/usr/share/texlive/texmf-dist/tex/latex/beamer/beamerbasenavigation.sty
\beamer@section@min@dim=\dimen265
)
(/usr/share/texlive/texmf-dist/tex/latex/beamer/beamerbasetheorems.sty
(/usr/share/texlive/texmf-dist/tex/latex/amsmath/amsmath.sty
Package: amsmath 2020/01/20 v2.17e AMS math features
\@mathmargin=\skip57

For additional information on amsmath, use the `?' option.
(/usr/share/texlive/texmf-dist/tex/latex/amsmath/amstext.sty
Package: amstext 2000/06/29 v2.01 AMS text

(/usr/share/texlive/texmf-dist/tex/latex/amsmath/amsgen.sty
File: amsgen.sty 1999/11/30 v2.0 generic functions
\@emptytoks=\toks32
\ex@=\dimen266
))
(/usr/share/texlive/texmf-dist/tex/latex/amsmath/amsbsy.sty
Package: amsbsy 1999/11/29 v1.2d Bold Symbols
\pmbraise@=\dimen267
)
(/usr/share/texlive/texmf-dist/tex/latex/amsmath/amsopn.sty
Package: amsopn 2016/03/08 v2.02 operator names
)
\inf@bad=\count298
LaTeX Info: Redefining \frac on input line 227.
\uproot@=\count299
\leftroot@=\count300
LaTeX Info: Redefining \overline on input line 389.
\classnum@=\count301
\DOTSCASE@=\count302
LaTeX Info: Redefining \ldots on input line 486.
LaTeX Info: Redefining \dots on input line 489.
LaTeX Info: Redefining \cdots on input line 610.
\Mathstrutbox@=\box71
\strutbox@=\box72
\big@size=\dimen268
LaTeX Font Info:    Redeclaring font encoding OML on input line 733.
LaTeX Font Info:    Redeclaring font encoding OMS on input line 734.
\macc@depth=\count303
\c@MaxMatrixCols=\count304
\dotsspace@=\muskip17
\c@parentequation=\count305
\dspbrk@lvl=\count306
\tag@help=\toks33
\row@=\count307
\column@=\count308
\maxfields@=\count309
\andhelp@=\toks34
\eqnshift@=\dimen269
\alignsep@=\dimen270
\tagshift@=\dimen271
\tagwidth@=\dimen272
\totwidth@=\dimen273
\lineht@=\dimen274
\@envbody=\toks35
\multlinegap=\skip58
\multlinetaggap=\skip59
\mathdisplay@stack=\toks36
LaTeX Info: Redefining \[ on input line 2859.
LaTeX Info: Redefining \] on input line 2860.
)
(/usr/share/texlive/texmf-dist/tex/latex/amscls/amsthm.sty
Package: amsthm 2017/10/31 v2.20.4
\thm@style=\toks37
\thm@bodyfont=\toks38
\thm@headfont=\toks39
\thm@notefont=\toks40
\thm@headpunct=\toks41
\thm@preskip=\skip60
\thm@postskip=\skip61
\thm@headsep=\skip62
\dth@everypar=\toks42
)
\c@theorem=\count310
)
(/usr/share/texlive/texmf-dist/tex/latex/beamer/beamerbasethemes.sty))
(/usr/share/texlive/texmf-dist/tex/latex/beamer/beamerthemedefault.sty
(/usr/share/texlive/texmf-dist/tex/latex/beamer/beamerfontthemedefault.sty)
(/usr/share/texlive/texmf-dist/tex/latex/beamer/beamercolorthemedefault.sty)
(/usr/share/texlive/texmf-dist/tex/latex/beamer/beamerinnerthemedefault.sty
\beamer@dima=\dimen275
\beamer@dimb=\dimen276
)
(/usr/share/texlive/texmf-dist/tex/latex/beamer/beamerouterthemedefault.sty)))
(/usr/share/texlive/texmf-dist/tex/latex/beamer/beamerfontthemeserif.sty)
(/usr/share/texlive/texmf-dist/tex/latex/base/fontenc.sty
Package: fontenc 2020/02/11 v2.0o Standard LaTeX package
)
Package hyperref Info: Option `colorlinks' set `true' on input line 28.

(/usr/share/texlive/texmf-dist/tex/latex/listings/listings.sty
\lst@mode=\count311
\lst@gtempboxa=\box73
\lst@token=\toks43
\lst@length=\count312
\lst@currlwidth=\dimen277
\lst@column=\count313
\lst@pos=\count314
\lst@lostspace=\dimen278
\lst@width=\dimen279
\lst@newlines=\count315
\lst@lineno=\count316
\lst@maxwidth=\dimen280

(/usr/share/texlive/texmf-dist/tex/latex/listings/lstmisc.sty
File: lstmisc.sty 2019/09/10 1.8c (Carsten Heinz)
\c@lstnumber=\count317
\lst@skipnumbers=\count318
\lst@framebox=\box74
)
(/usr/share/texlive/texmf-dist/tex/latex/listings/listings.cfg
File: listings.cfg 2019/09/10 1.8c listings configuration
))
Package: listings 2019/09/10 1.8c (Carsten Heinz)

(/usr/share/texlive/texmf-dist/tex/latex/listings/lstlang1.sty
File: lstlang1.sty 2019/09/10 1.8c listings language file
)
(/usr/share/texlive/texmf-dist/tex/latex/psnfss/mathpazo.sty
Package: mathpazo 2005/04/12 PSNFSS-v9.2a Palatino w/ Pazo Math (D.Puga, WaS) 
\symupright=\mathgroup6
)
(/usr/share/texlive/texmf-dist/tex/latex/l3backend/l3backend-pdfmode.def
File: l3backend-pdfmode.def 2020-02-03 L3 backend support: PDF mode
\l__kernel_color_stack_int=\count319
\l__pdf_internal_box=\box75
)
(./GGR424_C4.aux)
\openout1 = `GGR424_C4.aux'.

LaTeX Font Info:    Checking defaults for OML/cmm/m/it on input line 50.
LaTeX Font Info:    ... okay on input line 50.
LaTeX Font Info:    Checking defaults for OMS/cmsy/m/n on input line 50.
LaTeX Font Info:    ... okay on input line 50.
LaTeX Font Info:    Checking defaults for OT1/cmr/m/n on input line 50.
LaTeX Font Info:    ... okay on input line 50.
LaTeX Font Info:    Checking defaults for T1/cmr/m/n on input line 50.
LaTeX Font Info:    ... okay on input line 50.
LaTeX Font Info:    Checking defaults for TS1/cmr/m/n on input line 50.
LaTeX Font Info:    ... okay on input line 50.
LaTeX Font Info:    Checking defaults for OMX/cmex/m/n on input line 50.
LaTeX Font Info:    ... okay on input line 50.
LaTeX Font Info:    Checking defaults for U/cmr/m/n on input line 50.
LaTeX Font Info:    ... okay on input line 50.
LaTeX Font Info:    Checking defaults for PD1/pdf/m/n on input line 50.
LaTeX Font Info:    ... okay on input line 50.
LaTeX Font Info:    Trying to load font information for T1+pplx on input line 5
0.
 (/usr/share/texlive/texmf-dist/tex/latex/psnfss/t1pplx.fd
File: t1pplx.fd 2004/09/06 font definitions for T1/pplx.
)
*geometry* driver: auto-detecting
*geometry* detected driver: pdftex
*geometry* verbose mode - [ preamble ] result:
* driver: pdftex
* paper: custom
* layout: <same size as paper>
* layoutoffset:(h,v)=(0.0pt,0.0pt)
* modes: includehead includefoot 
* h-part:(L,W,R)=(42.0pt, 371.24408pt, 42.0pt)
* v-part:(T,H,B)=(0.0pt, 256.0748pt, 0.0pt)
* \paperwidth=455.24408pt
* \paperheight=256.0748pt
* \textwidth=371.24408pt
* \textheight=227.62207pt
* \oddsidemargin=-30.26999pt
* \evensidemargin=-30.26999pt
* \topmargin=-72.26999pt
* \headheight=14.22636pt
* \headsep=0.0pt
* \topskip=11.0pt
* \footskip=14.22636pt
* \marginparwidth=4.0pt
* \marginparsep=10.0pt
* \columnsep=10.0pt
* \skip\footins=10.0pt plus 4.0pt minus 2.0pt
* \hoffset=0.0pt
* \voffset=0.0pt
* \mag=1000
* \@twocolumnfalse
* \@twosidefalse
* \@mparswitchfalse
* \@reversemarginfalse
* (1in=72.27pt=25.4mm, 1cm=28.453pt)

(/usr/share/texlive/texmf-dist/tex/context/base/mkii/supp-pdf.mkii
[Loading MPS to PDF converter (version 2006.09.02).]
\scratchcounter=\count320
\scratchdimen=\dimen281
\scratchbox=\box76
\nofMPsegments=\count321
\nofMParguments=\count322
\everyMPshowfont=\toks44
\MPscratchCnt=\count323
\MPscratchDim=\dimen282
\MPnumerator=\count324
\makeMPintoPDFobject=\count325
\everyMPtoPDFconversion=\toks45
) (/usr/share/texlive/texmf-dist/tex/latex/epstopdf-pkg/epstopdf-base.sty
Package: epstopdf-base 2020-01-24 v2.11 Base part for package epstopdf

(/usr/share/texlive/texmf-dist/tex/latex/grfext/grfext.sty
Package: grfext 2019/12/03 v1.3 Manage graphics extensions (HO)
)
Package epstopdf-base Info: Redefining graphics rule for `.eps' on input line 4
85.
Package grfext Info: Graphics extension search list:
(grfext)             [.pdf,.png,.jpg,.mps,.jpeg,.jbig2,.jb2,.PDF,.PNG,.JPG,.JPE
G,.JBIG2,.JB2,.eps]
(grfext)             \AppendGraphicsExtensions on input line 504.

(/usr/share/texlive/texmf-dist/tex/latex/latexconfig/epstopdf-sys.cfg
File: epstopdf-sys.cfg 2010/07/13 v1.3 Configuration of (r)epstopdf for TeX Liv
e
))
ABD: EveryShipout initializing macros
\AtBeginShipoutBox=\box77
Package hyperref Info: Link coloring ON on input line 50.

(/usr/share/texlive/texmf-dist/tex/latex/hyperref/nameref.sty
Package: nameref 2019/09/16 v2.46 Cross-referencing by name of section

(/usr/share/texlive/texmf-dist/tex/latex/refcount/refcount.sty
Package: refcount 2019/12/15 v3.6 Data extraction from label references (HO)
)
(/usr/share/texlive/texmf-dist/tex/generic/gettitlestring/gettitlestring.sty
Package: gettitlestring 2019/12/15 v1.6 Cleanup title references (HO)
)
\c@section@level=\count326
)
LaTeX Info: Redefining \ref on input line 50.
LaTeX Info: Redefining \pageref on input line 50.
LaTeX Info: Redefining \nameref on input line 50.

(./GGR424_C4.out) (./GGR424_C4.out)
\@outlinefile=\write5
\openout5 = `GGR424_C4.out'.

\symnumbers=\mathgroup7
\sympureletters=\mathgroup8
LaTeX Font Info:    Overwriting math alphabet `\mathrm' in version `normal'
(Font)                  OT1/pplx/m/n --> T1/pplx/m/n on input line 50.
LaTeX Font Info:    Redeclaring math alphabet \mathbf on input line 50.
LaTeX Font Info:    Overwriting math alphabet `\mathbf' in version `normal'
(Font)                  OT1/zplm/b/n --> T1/pplx/b/n on input line 50.
LaTeX Font Info:    Overwriting math alphabet `\mathbf' in version `bold'
(Font)                  OT1/zplm/b/n --> T1/pplx/b/n on input line 50.
LaTeX Font Info:    Redeclaring math alphabet \mathsf on input line 50.
LaTeX Font Info:    Overwriting math alphabet `\mathsf' in version `normal'
(Font)                  OT1/cmss/m/n --> T1/cmss/m/n on input line 50.
LaTeX Font Info:    Overwriting math alphabet `\mathsf' in version `bold'
(Font)                  OT1/cmss/bx/n --> T1/cmss/m/n on input line 50.
LaTeX Font Info:    Redeclaring math alphabet \mathit on input line 50.
LaTeX Font Info:    Overwriting math alphabet `\mathit' in version `normal'
(Font)                  OT1/pplx/m/it --> T1/pplx/m/it on input line 50.
LaTeX Font Info:    Overwriting math alphabet `\mathit' in version `bold'
(Font)                  OT1/pplx/b/it --> T1/pplx/m/it on input line 50.
LaTeX Font Info:    Redeclaring math alphabet \mathtt on input line 50.
LaTeX Font Info:    Overwriting math alphabet `\mathtt' in version `normal'
(Font)                  OT1/cmtt/m/n --> T1/cmtt/m/n on input line 50.
LaTeX Font Info:    Overwriting math alphabet `\mathtt' in version `bold'
(Font)                  OT1/cmtt/m/n --> T1/cmtt/m/n on input line 50.
LaTeX Font Info:    Overwriting symbol font `numbers' in version `bold'
(Font)                  T1/pplx/m/n --> T1/pplx/b/n on input line 50.
LaTeX Font Info:    Overwriting symbol font `pureletters' in version `bold'
(Font)                  T1/pplx/m/it --> T1/pplx/b/it on input line 50.
LaTeX Font Info:    Overwriting math alphabet `\mathrm' in version `bold'
(Font)                  OT1/pplx/b/n --> T1/pplx/b/n on input line 50.
LaTeX Font Info:    Overwriting math alphabet `\mathbf' in version `bold'
(Font)                  T1/pplx/b/n --> T1/pplx/b/n on input line 50.
LaTeX Font Info:    Overwriting math alphabet `\mathsf' in version `bold'
(Font)                  T1/cmss/m/n --> T1/cmss/b/n on input line 50.
LaTeX Font Info:    Overwriting math alphabet `\mathit' in version `bold'
(Font)                  T1/pplx/m/it --> T1/pplx/b/it on input line 50.
LaTeX Font Info:    Overwriting math alphabet `\mathtt' in version `bold'
(Font)                  T1/cmtt/m/n --> T1/cmtt/b/n on input line 50.

(/usr/share/texlive/texmf-dist/tex/latex/translator/translator-basic-dictionary
-English.dict
Dictionary: translator-basic-dictionary, Language: English 
)
(/usr/share/texlive/texmf-dist/tex/latex/translator/translator-bibliography-dic
tionary-English.dict
Dictionary: translator-bibliography-dictionary, Language: English 
)
(/usr/share/texlive/texmf-dist/tex/latex/translator/translator-environment-dict
ionary-English.dict
Dictionary: translator-environment-dictionary, Language: English 
)
(/usr/share/texlive/texmf-dist/tex/latex/translator/translator-months-dictionar
y-English.dict
Dictionary: translator-months-dictionary, Language: English 
)
(/usr/share/texlive/texmf-dist/tex/latex/translator/translator-numbers-dictiona
ry-English.dict
Dictionary: translator-numbers-dictionary, Language: English 
)
(/usr/share/texlive/texmf-dist/tex/latex/translator/translator-theorem-dictiona
ry-English.dict
Dictionary: translator-theorem-dictionary, Language: English 
)
\c@lstlisting=\count327
 (./GGR424_C4.nav) [1

{/var/lib/texmf/fonts/map/pdftex/updmap/pdftex.map}]
LaTeX Font Info:    Trying to load font information for OT1+pplx on input line 
104.
 (/usr/share/texlive/texmf-dist/tex/latex/psnfss/ot1pplx.fd
File: ot1pplx.fd 2004/09/06 font definitions for OT1/pplx.
)
LaTeX Font Info:    Trying to load font information for OML+zplm on input line 
104.

(/usr/share/texlive/texmf-dist/tex/latex/psnfss/omlzplm.fd
File: omlzplm.fd 2002/09/08 Fontinst v1.914 font definitions for OML/zplm.
)
LaTeX Font Info:    Trying to load font information for OMS+zplm on input line 
104.

(/usr/share/texlive/texmf-dist/tex/latex/psnfss/omszplm.fd
File: omszplm.fd 2002/09/08 Fontinst v1.914 font definitions for OMS/zplm.
)
LaTeX Font Info:    Trying to load font information for OMX+zplm on input line 
104.

(/usr/share/texlive/texmf-dist/tex/latex/psnfss/omxzplm.fd
File: omxzplm.fd 2002/09/08 Fontinst v1.914 font definitions for OMX/zplm.
)
LaTeX Font Info:    Font shape `U/msa/m/n' will be
(Font)              scaled to size 10.42007pt on input line 104.
LaTeX Font Info:    Font shape `U/msa/m/n' will be
(Font)              scaled to size 7.91925pt on input line 104.
LaTeX Font Info:    Font shape `U/msa/m/n' will be
(Font)              scaled to size 6.25204pt on input line 104.
LaTeX Font Info:    Font shape `U/msb/m/n' will be
(Font)              scaled to size 10.42007pt on input line 104.
LaTeX Font Info:    Font shape `U/msb/m/n' will be
(Font)              scaled to size 7.91925pt on input line 104.
LaTeX Font Info:    Font shape `U/msb/m/n' will be
(Font)              scaled to size 6.25204pt on input line 104.
LaTeX Font Info:    Trying to load font information for OT1+zplm on input line 
104.

(/usr/share/texlive/texmf-dist/tex/latex/psnfss/ot1zplm.fd
File: ot1zplm.fd 2002/09/08 Fontinst v1.914 font definitions for OT1/zplm.
)
LaTeX Font Info:    Font shape `U/msa/m/n' will be
(Font)              scaled to size 11.40997pt on input line 104.
LaTeX Font Info:    Font shape `U/msa/m/n' will be
(Font)              scaled to size 8.33606pt on input line 104.
LaTeX Font Info:    Font shape `U/msb/m/n' will be
(Font)              scaled to size 11.40997pt on input line 104.
LaTeX Font Info:    Font shape `U/msb/m/n' will be
(Font)              scaled to size 8.33606pt on input line 104.
<images/spadina_streetcar.jpg, id=21, 1284.8pt x 963.6pt>
File: images/spadina_streetcar.jpg Graphic file (type jpg)
<use images/spadina_streetcar.jpg>
Package pdftex.def Info: images/spadina_streetcar.jpg  used on input line 104.
(pdftex.def)             Requested size: 185.62204pt x 139.21115pt.
 [2

 <./images/spadina_streetcar.jpg>]
<images/transit_vs_car.jpg, id=28, 1084.05pt x 736.7525pt>
File: images/transit_vs_car.jpg Graphic file (type jpg)
<use images/transit_vs_car.jpg>
Package pdftex.def Info: images/transit_vs_car.jpg  used on input line 121.
(pdftex.def)             Requested size: 296.99638pt x 201.84872pt.
LaTeX Font Info:    Trying to load font information for T1+cmtt on input line 1
21.
 (/usr/share/texlive/texmf-dist/tex/latex/base/t1cmtt.fd
File: t1cmtt.fd 2019/12/16 v2.5j Standard LaTeX font definitions
)
LaTeX Font Info:    Font shape `U/msa/m/n' will be
(Font)              scaled to size 5.21004pt on input line 121.
LaTeX Font Info:    Font shape `U/msb/m/n' will be
(Font)              scaled to size 5.21004pt on input line 121.

[3

 <./images/transit_vs_car.jpg>] [4

]
<images/montreal-metro-map.jpg, id=42, 1606.0pt x 2061.7025pt>
File: images/montreal-metro-map.jpg Graphic file (type jpg)
<use images/montreal-metro-map.jpg>
Package pdftex.def Info: images/montreal-metro-map.jpg  used on input line 183.

(pdftex.def)             Requested size: 185.62204pt x 238.27051pt.
 [5

 <./images/montreal-metro-map.jpg>]
<images/go_map.png, id=48, 1210.5225pt x 918.43124pt>
File: images/go_map.png Graphic file (type png)
<use images/go_map.png>
Package pdftex.def Info: images/go_map.png  used on input line 199.
(pdftex.def)             Requested size: 259.86972pt x 197.16457pt.

[6

 <./images/go_map.png>]
<images/ttc-map.png, id=57, 1610.015pt x 815.045pt>
File: images/ttc-map.png Graphic file (type png)
<use images/ttc-map.png>
Package pdftex.def Info: images/ttc-map.png  used on input line 214.
(pdftex.def)             Requested size: 371.24408pt x 187.92899pt.
 [7

 <./images/ttc-map.png>]
<images/paris_metro.png, id=66, 993.7125pt x 973.6375pt>
File: images/paris_metro.png Graphic file (type png)
<use images/paris_metro.png>
Package pdftex.def Info: images/paris_metro.png  used on input line 228.
(pdftex.def)             Requested size: 222.7487pt x 218.24187pt.

Overfull \vbox (0.19893pt too high) detected at line 228
 []

[8

 <./images/paris_metro.png>]
<images/network_designs.png, id=74, 906.38625pt x 769.87625pt>
File: images/network_designs.png Graphic file (type png)
<use images/network_designs.png>
Package pdftex.def Info: images/network_designs.png  used on input line 244.
(pdftex.def)             Requested size: 222.7487pt x 189.19107pt.
 [9

 <./images/network_designs.png>]
<images/monorail.png, id=82, 633.36626pt x 499.8675pt>
File: images/monorail.png Graphic file (type png)
<use images/monorail.png>
Package pdftex.def Info: images/monorail.png  used on input line 287.
(pdftex.def)             Requested size: 181.9088pt x 143.56204pt.
 [10

 <./images/monorail.png>]
<images/wiki_transit.png, id=89, 885.3075pt x 592.2125pt>
File: images/wiki_transit.png Graphic file (type png)
<use images/wiki_transit.png>
Package pdftex.def Info: images/wiki_transit.png  used on input line 304.
(pdftex.def)             Requested size: 282.14345pt x 188.73473pt.
 [11

 <./images/wiki_transit.png>]
File: images/spadina_streetcar.jpg Graphic file (type jpg)
<use images/spadina_streetcar.jpg>
Package pdftex.def Info: images/spadina_streetcar.jpg  used on input line 348.
(pdftex.def)             Requested size: 148.49536pt x 111.36304pt.
 [12

]
<images/hamburg.png, id=102, 1151.30125pt x 619.31375pt>
File: images/hamburg.png Graphic file (type png)
<use images/hamburg.png>
Package pdftex.def Info: images/hamburg.png  used on input line 378.
(pdftex.def)             Requested size: 259.86972pt x 139.78372pt.
 [13

 <./images/hamburg.png>]
<images/lrt_spain.png, id=110, 1077.02374pt x 604.2575pt>
File: images/lrt_spain.png Graphic file (type png)
<use images/lrt_spain.png>
Package pdftex.def Info: images/lrt_spain.png  used on input line 407.
(pdftex.def)             Requested size: 259.86972pt x 145.79926pt.
 [14

 <./images/lrt_spain.png>]
<images/transmilenio.png, id=118, 1142.2675pt x 658.46pt>
File: images/transmilenio.png Graphic file (type png)
<use images/transmilenio.png>
Package pdftex.def Info: images/transmilenio.png  used on input line 443.
(pdftex.def)             Requested size: 259.86972pt x 149.79486pt.
 [15

 <./images/transmilenio.png>]
<images/trolleybus.jpg, id=126, 1806.75pt x 1148.29pt>
File: images/trolleybus.jpg Graphic file (type jpg)
<use images/trolleybus.jpg>
Package pdftex.def Info: images/trolleybus.jpg  used on input line 469.
(pdftex.def)             Requested size: 285.85951pt x 181.68013pt.
 [16

 <./images/trolleybus.jpg>]
<images/metro_medellin.png, id=133, 865.2325pt x 894.34125pt>
File: images/metro_medellin.png Graphic file (type png)
<use images/metro_medellin.png>
Package pdftex.def Info: images/metro_medellin.png  used on input line 507.
(pdftex.def)             Requested size: 167.0587pt x 172.66956pt.
<images/metrocable.jpg, id=134, 394.47375pt x 383.93437pt>
File: images/metrocable.jpg Graphic file (type jpg)
<use images/metrocable.jpg>
Package pdftex.def Info: images/metrocable.jpg  used on input line 507.
(pdftex.def)             Requested size: 185.62204pt x 180.66006pt.
 [17

 <./images/metro_medellin.png> <./images/metrocable.jpg>]
<images/crowding.png, id=142, 1903.11pt x 879.285pt>
File: images/crowding.png Graphic file (type png)
<use images/crowding.png>
Package pdftex.def Info: images/crowding.png  used on input line 529.
(pdftex.def)             Requested size: 371.24408pt x 171.52026pt.

[18

 <./images/crowding.png>]
<images/ttc_schedule_eg.png, id=149, 716.6775pt x 822.07124pt>
File: images/ttc_schedule_eg.png Graphic file (type png)
<use images/ttc_schedule_eg.png>
Package pdftex.def Info: images/ttc_schedule_eg.png  used on input line 567.
(pdftex.def)             Requested size: 185.62204pt x 212.91814pt.
 [19

 <./images/ttc_schedule_eg.png>]
<images/frequency_usa.png, id=157, 1822.81pt x 578.16pt>
File: images/frequency_usa.png Graphic file (type png)
<use images/frequency_usa.png>
Package pdftex.def Info: images/frequency_usa.png  used on input line 585.
(pdftex.def)             Requested size: 371.24408pt x 117.74722pt.
 [20

 <./images/frequency_usa.png>]
<images/toronto_frequency.png, id=165, 1794.705pt x 943.525pt>
File: images/toronto_frequency.png Graphic file (type png)
<use images/toronto_frequency.png>
Package pdftex.def Info: images/toronto_frequency.png  used on input line 599.
(pdftex.def)             Requested size: 371.24408pt x 195.16591pt.
 [21

 <./images/toronto_frequency.png>]
<images/gta_frequency.jpg, id=173, 1284.8pt x 794.97pt>
File: images/gta_frequency.jpg Graphic file (type jpg)
<use images/gta_frequency.jpg>
Package pdftex.def Info: images/gta_frequency.jpg  used on input line 614.
(pdftex.def)             Requested size: 296.99638pt x 183.76115pt.
 [22

 <./images/gta_frequency.jpg>]
<images/stop_spacing.jpg, id=181, 610.28pt x 333.245pt>
File: images/stop_spacing.jpg Graphic file (type jpg)
<use images/stop_spacing.jpg>
Package pdftex.def Info: images/stop_spacing.jpg  used on input line 639.
(pdftex.def)             Requested size: 222.7487pt x 121.63086pt.
 [23

 <./images/stop_spacing.jpg>]
<images/greenwood.png, id=188, 1224.575pt x 829.0975pt>
File: images/greenwood.png Graphic file (type png)
<use images/greenwood.png>
Package pdftex.def Info: images/greenwood.png  used on input line 674.
(pdftex.def)             Requested size: 185.62204pt x 125.67496pt.
<images/agincourt.png, id=189, 1226.5825pt x 832.10875pt>
File: images/agincourt.png Graphic file (type png)
<use images/agincourt.png>
Package pdftex.def Info: images/agincourt.png  used on input line 674.
(pdftex.def)             Requested size: 185.62204pt x 125.91556pt.
 [24

 <./images/greenwood.png> <./images/agincourt.png>]
<images/ttc_express.png, id=197, 1391.1975pt x 884.30376pt>
File: images/ttc_express.png Graphic file (type png)
<use images/ttc_express.png>
Package pdftex.def Info: images/ttc_express.png  used on input line 687.
(pdftex.def)             Requested size: 334.1174pt x 212.37216pt.
 [25

 <./images/ttc_express.png>]
<images/transit-miami-screenshot.png, id=205, 812.03375pt x 363.3575pt>
File: images/transit-miami-screenshot.png Graphic file (type png)
<use images/transit-miami-screenshot.png>
Package pdftex.def Info: images/transit-miami-screenshot.png  used on input lin
e 708.
(pdftex.def)             Requested size: 371.24408pt x 166.11522pt.
 [26

 <./images/transit-miami-screenshot.png>]
<images/king-street.png, id=212, 602.25pt x 376.40625pt>
File: images/king-street.png Graphic file (type png)
<use images/king-street.png>
Package pdftex.def Info: images/king-street.png  used on input line 725.
(pdftex.def)             Requested size: 296.99638pt x 185.62956pt.
 [27

 <./images/king-street.png (PNG copy)>]
<images/finch39.jpg, id=218, 1090.0725pt x 645.41125pt>
File: images/finch39.jpg Graphic file (type jpg)
<use images/finch39.jpg>
Package pdftex.def Info: images/finch39.jpg  used on input line 743.
(pdftex.def)             Requested size: 296.99638pt x 175.83907pt.
 [28

 <./images/finch39.jpg>]
<images/bus-bunching.png, id=224, 1737.49126pt x 994.71625pt>
File: images/bus-bunching.png Graphic file (type png)
<use images/bus-bunching.png>
Package pdftex.def Info: images/bus-bunching.png  used on input line 763.
(pdftex.def)             Requested size: 296.99638pt x 170.02539pt.
 [29

 <./images/bus-bunching.png>]
<images/wait_time.png, id=232, 1002.74625pt x 462.72874pt>
File: images/wait_time.png Graphic file (type png)
<use images/wait_time.png>
Package pdftex.def Info: images/wait_time.png  used on input line 780.
(pdftex.def)             Requested size: 222.7487pt x 102.78912pt.
 [30

 <./images/wait_time.png>]
[31

]
<images/ttc-fares.png, id=245, 712.91344pt x 475.02469pt>
File: images/ttc-fares.png Graphic file (type png)
<use images/ttc-fares.png>
Package pdftex.def Info: images/ttc-fares.png  used on input line 822.
(pdftex.def)             Requested size: 296.99638pt x 197.89262pt.
 [32

 <./images/ttc-fares.png (PNG copy)>]
<images/bus_stop_ttc.jpeg, id=252, 1090.0725pt x 611.28375pt>
File: images/bus_stop_ttc.jpeg Graphic file (type jpg)
<use images/bus_stop_ttc.jpeg>
Package pdftex.def Info: images/bus_stop_ttc.jpeg  used on input line 837.
(pdftex.def)             Requested size: 296.99638pt x 166.5412pt.
 [33

 <./images/bus_stop_ttc.jpeg>]
<images/ttc_transfer.jpg, id=258, 1090.0725pt x 723.70375pt>
File: images/ttc_transfer.jpg Graphic file (type jpg)
<use images/ttc_transfer.jpg>
Package pdftex.def Info: images/ttc_transfer.jpg  used on input line 851.
(pdftex.def)             Requested size: 296.99638pt x 197.16946pt.
[34

 <./images/ttc_transfer.jpg>]
<images/eglinton_old_toronto.jpg, id=264, 803.0pt x 358.33875pt>
File: images/eglinton_old_toronto.jpg Graphic file (type jpg)
<use images/eglinton_old_toronto.jpg>
Package pdftex.def Info: images/eglinton_old_toronto.jpg  used on input line 87
1.
(pdftex.def)             Requested size: 363.81761pt x 162.35544pt.
 [35

 <./images/eglinton_old_toronto.jpg>]
<images/rotterdam.jpg, id=272, 2055.68pt x 1027.84pt>
File: images/rotterdam.jpg Graphic file (type jpg)
<use images/rotterdam.jpg>
Package pdftex.def Info: images/rotterdam.jpg  used on input line 886.
(pdftex.def)             Requested size: 363.81761pt x 181.89787pt.

[36

 <./images/rotterdam.jpg>]
<images/st-george.jpg, id=279, 4015.0pt x 3086.53125pt>
File: images/st-george.jpg Graphic file (type jpg)
<use images/st-george.jpg>
Package pdftex.def Info: images/st-george.jpg  used on input line 925.
(pdftex.def)             Requested size: 185.62204pt x 142.65564pt.
 [37

 <./images/st-george.jpg>]
<images/whitby.jpg, id=286, 3276.24pt x 1842.885pt>
File: images/whitby.jpg Graphic file (type jpg)
<use images/whitby.jpg>
Package pdftex.def Info: images/whitby.jpg  used on input line 941.
(pdftex.def)             Requested size: 363.81761pt x 204.63014pt.
 [38

 <./images/whitby.jpg>]
<images/i3.png, id=292, 1927.2pt x 1084.05pt>
File: images/i3.png Graphic file (type png)
<use images/i3.png>
Package pdftex.def Info: images/i3.png  used on input line 960.
(pdftex.def)             Requested size: 289.56992pt x 162.88168pt.
 [39

 <./images/i3.png>]
<images/marine_2009.jpg, id=299, 513.92pt x 385.44pt>
File: images/marine_2009.jpg Graphic file (type jpg)
<use images/marine_2009.jpg>
Package pdftex.def Info: images/marine_2009.jpg  used on input line 1000.
(pdftex.def)             Requested size: 185.62204pt x 139.21703pt.
<images/marine_2018.jpg, id=300, 1284.8pt x 963.6pt>
File: images/marine_2018.jpg Graphic file (type jpg)
<use images/marine_2018.jpg>
Package pdftex.def Info: images/marine_2018.jpg  used on input line 1000.
(pdftex.def)             Requested size: 185.62204pt x 139.21115pt.
 [40

 <./images/marine_2009.jpg> <./images/marine_2018.jpg>]
<images/toronto_plan_1910.png, id=308, 1305.87875pt x 666.49pt>
File: images/toronto_plan_1910.png Graphic file (type png)
<use images/toronto_plan_1910.png>
Package pdftex.def Info: images/toronto_plan_1910.png  used on input line 1017.

(pdftex.def)             Requested size: 334.1174pt x 170.51712pt.
 [41

 <./images/toronto_plan_1910.png>]
<images/toronto_plan_1945.png, id=315, 943.525pt x 699.61375pt>
File: images/toronto_plan_1945.png Graphic file (type png)
<use images/toronto_plan_1945.png>
Package pdftex.def Info: images/toronto_plan_1945.png  used on input line 1033.

(pdftex.def)             Requested size: 296.99638pt x 220.21936pt.
 [42

 <./images/toronto_plan_1945.png>]
<images/toronto_plan_1973.png, id=322, 988.69376pt x 713.66624pt>
File: images/toronto_plan_1973.png Graphic file (type png)
<use images/toronto_plan_1973.png>
Package pdftex.def Info: images/toronto_plan_1973.png  used on input line 1049.

(pdftex.def)             Requested size: 296.99638pt x 214.37376pt.
 [43

 <./images/toronto_plan_1973.png>]
<images/toronto_plan_2019.png, id=330, 900.36375pt x 714.67pt>
File: images/toronto_plan_2019.png Graphic file (type png)
<use images/toronto_plan_2019.png>
Package pdftex.def Info: images/toronto_plan_2019.png  used on input line 1065.

(pdftex.def)             Requested size: 296.99638pt x 235.74368pt.

Overfull \vbox (9.07208pt too high) detected at line 1065
 []

[44

 <./images/toronto_plan_2019.png>]
<images/mx_plan_2019.png, id=337, 1022.82124pt x 713.66624pt>
File: images/mx_plan_2019.png Graphic file (type png)
<use images/mx_plan_2019.png>
Package pdftex.def Info: images/mx_plan_2019.png  used on input line 1080.
(pdftex.def)             Requested size: 296.99638pt x 207.21925pt.
 [45

 <./images/mx_plan_2019.png>]
<images/ttc-5-year.png, id=345, 1292.83pt x 870.25125pt>
File: images/ttc-5-year.png Graphic file (type png)
<use images/ttc-5-year.png>
Package pdftex.def Info: images/ttc-5-year.png  used on input line 1100.
(pdftex.def)             Requested size: 296.99638pt x 199.91455pt.
 [46

 <./images/ttc-5-year.png>] [47

]
\tf@nav=\write6
\openout6 = `GGR424_C4.nav'.

\tf@toc=\write7
\openout7 = `GGR424_C4.toc'.

\tf@snm=\write8
\openout8 = `GGR424_C4.snm'.

Package atveryend Info: Empty hook `BeforeClearDocument' on input line 1137.
Package atveryend Info: Empty hook `AfterLastShipout' on input line 1137.
 (./GGR424_C4.aux)
Package atveryend Info: Executing hook `AtVeryEndDocument' on input line 1137.
Package atveryend Info: Executing hook `AtEndAfterFileList' on input line 1137.

Package rerunfilecheck Info: File `GGR424_C4.out' has not changed.
(rerunfilecheck)             Checksum: D41D8CD98F00B204E9800998ECF8427E;0.
 ) 
Here is how much of TeX's memory you used:
 19746 strings out of 483183
 365554 string characters out of 5966291
 777354 words of memory out of 5000000
 34146 multiletter control sequences out of 15000+600000
 577343 words of font info for 98 fonts, out of 8000000 for 9000
 14 hyphenation exceptions out of 8191
 54i,11n,57p,776b,685s stack positions out of 5000i,500n,10000p,200000b,80000s
{/usr/share/texlive/texmf-dist/fonts/enc/dvips/base/8r.enc} </home/jamaps/.te
xlive2019/texmf-var/fonts/pk/ljfour/jknappen/ec/ectt0800.450pk></usr/share/texl
ive/texmf-dist/fonts/type1/public/amsfonts/symbols/msam10.pfb></usr/share/texli
ve/texmf-dist/fonts/type1/urw/palatino/uplb8a.pfb></usr/share/texlive/texmf-dis
t/fonts/type1/urw/palatino/uplr8a.pfb></usr/share/texlive/texmf-dist/fonts/type
1/urw/palatino/uplri8a.pfb>
Output written on GGR424_C4.pdf (47 pages, 34035896 bytes).
PDF statistics:
 460 PDF objects out of 1000 (max. 8388607)
 266 compressed objects within 3 object streams
 95 named destinations out of 1000 (max. 500000)
 268 words of extra memory for PDF output out of 10000 (max. 10000000)

