mktextfm QTGaromand
mktextfm QTGaromand
mktextfm QTGaromand
mktextfm QTGaromand/BI
mktextfm QTGaromand
mktextfm QTGaromand/B
mktextfm QTGaromand
mktextfm QTGaromand/I
mktextfm QTGaromand
mktextfm QTGaromand
mktextfm QTGaromand
mktextfm QTGaromand
mktextfm QTGaromand
mktextfm QTGaromand
mktextfm QTGaromand
mktextfm QTGaromand
mktextfm QTGaromand
mktextfm QTGaromand
mktextfm QTGaromand
mktextfm Clara
mktextfm Clara
mktextfm Clara
mktextfm Clara/BI
mktextfm Clara
mktextfm Clara/B
mktextfm Clara
mktextfm Clara/I
mktextfm Clara
mktextfm Clara
mktextfm Clara
mktextfm Clara
mktextfm Clara
mktextfm Clara
mktextfm Clara
mktextfm Clara
mktextfm Clara
mktextfm Clara
mktextfm Clara
